{"C:\\Users\\jvigar\\Documents\\Projects\\reactnd-project-myreads\\src\\App.js": {"path":"C:\\Users\\jvigar\\Documents\\Projects\\reactnd-project-myreads\\src\\App.js","statementMap":{"0":{"start":{"line":7,"column":17},"end":{"line":16,"column":1}},"1":{"start":{"line":8,"column":6},"end":{"line":15,"column":12}},"2":{"start":{"line":10,"column":10},"end":{"line":10,"column":23}},"3":{"start":{"line":13,"column":10},"end":{"line":13,"column":25}}},"fnMap":{"0":{"name":"(anonymous_0)","decl":{"start":{"line":7,"column":17},"end":{"line":7,"column":18}},"loc":{"start":{"line":8,"column":6},"end":{"line":15,"column":12}},"line":8},"1":{"name":"(anonymous_1)","decl":{"start":{"line":9,"column":38},"end":{"line":9,"column":39}},"loc":{"start":{"line":10,"column":10},"end":{"line":10,"column":23}},"line":10},"2":{"name":"(anonymous_2)","decl":{"start":{"line":12,"column":38},"end":{"line":12,"column":39}},"loc":{"start":{"line":13,"column":10},"end":{"line":13,"column":25}},"line":13}},"branchMap":{},"s":{"0":1,"1":1,"2":0,"3":0},"f":{"0":1,"1":0,"2":0},"b":{},"_coverageSchema":"332fd63041d2c1bcb487cc26dd0d5f7d97098a6c","hash":"35878557dc2663020b479038b5be8c1e6e591d03"}
,"C:\\Users\\jvigar\\Documents\\Projects\\reactnd-project-myreads\\src\\BooksAPI.js": {"path":"C:\\Users\\jvigar\\Documents\\Projects\\reactnd-project-myreads\\src\\BooksAPI.js","statementMap":{"0":{"start":{"line":2,"column":12},"end":{"line":2,"column":51}},"1":{"start":{"line":6,"column":12},"end":{"line":6,"column":30}},"2":{"start":{"line":7,"column":0},"end":{"line":8,"column":68}},"3":{"start":{"line":8,"column":2},"end":{"line":8,"column":68}},"4":{"start":{"line":10,"column":16},"end":{"line":13,"column":1}},"5":{"start":{"line":15,"column":19},"end":{"line":18,"column":28}},"6":{"start":{"line":16,"column":2},"end":{"line":18,"column":28}},"7":{"start":{"line":17,"column":17},"end":{"line":17,"column":27}},"8":{"start":{"line":18,"column":18},"end":{"line":18,"column":27}},"9":{"start":{"line":20,"column":22},"end":{"line":23,"column":29}},"10":{"start":{"line":21,"column":2},"end":{"line":23,"column":29}},"11":{"start":{"line":22,"column":17},"end":{"line":22,"column":27}},"12":{"start":{"line":23,"column":18},"end":{"line":23,"column":28}},"13":{"start":{"line":25,"column":22},"end":{"line":33,"column":28}},"14":{"start":{"line":26,"column":2},"end":{"line":33,"column":28}},"15":{"start":{"line":33,"column":17},"end":{"line":33,"column":27}},"16":{"start":{"line":35,"column":22},"end":{"line":44,"column":29}},"17":{"start":{"line":36,"column":2},"end":{"line":44,"column":29}},"18":{"start":{"line":43,"column":17},"end":{"line":43,"column":27}},"19":{"start":{"line":44,"column":18},"end":{"line":44,"column":28}}},"fnMap":{"0":{"name":"(anonymous_0)","decl":{"start":{"line":15,"column":19},"end":{"line":15,"column":20}},"loc":{"start":{"line":16,"column":2},"end":{"line":18,"column":28}},"line":16},"1":{"name":"(anonymous_1)","decl":{"start":{"line":17,"column":10},"end":{"line":17,"column":11}},"loc":{"start":{"line":17,"column":17},"end":{"line":17,"column":27}},"line":17},"2":{"name":"(anonymous_2)","decl":{"start":{"line":18,"column":10},"end":{"line":18,"column":11}},"loc":{"start":{"line":18,"column":18},"end":{"line":18,"column":27}},"line":18},"3":{"name":"(anonymous_3)","decl":{"start":{"line":20,"column":22},"end":{"line":20,"column":23}},"loc":{"start":{"line":21,"column":2},"end":{"line":23,"column":29}},"line":21},"4":{"name":"(anonymous_4)","decl":{"start":{"line":22,"column":10},"end":{"line":22,"column":11}},"loc":{"start":{"line":22,"column":17},"end":{"line":22,"column":27}},"line":22},"5":{"name":"(anonymous_5)","decl":{"start":{"line":23,"column":10},"end":{"line":23,"column":11}},"loc":{"start":{"line":23,"column":18},"end":{"line":23,"column":28}},"line":23},"6":{"name":"(anonymous_6)","decl":{"start":{"line":25,"column":22},"end":{"line":25,"column":23}},"loc":{"start":{"line":26,"column":2},"end":{"line":33,"column":28}},"line":26},"7":{"name":"(anonymous_7)","decl":{"start":{"line":33,"column":10},"end":{"line":33,"column":11}},"loc":{"start":{"line":33,"column":17},"end":{"line":33,"column":27}},"line":33},"8":{"name":"(anonymous_8)","decl":{"start":{"line":35,"column":22},"end":{"line":35,"column":23}},"loc":{"start":{"line":36,"column":2},"end":{"line":44,"column":29}},"line":36},"9":{"name":"(anonymous_9)","decl":{"start":{"line":43,"column":10},"end":{"line":43,"column":11}},"loc":{"start":{"line":43,"column":17},"end":{"line":43,"column":27}},"line":43},"10":{"name":"(anonymous_10)","decl":{"start":{"line":44,"column":10},"end":{"line":44,"column":11}},"loc":{"start":{"line":44,"column":18},"end":{"line":44,"column":28}},"line":44}},"branchMap":{"0":{"loc":{"start":{"line":7,"column":0},"end":{"line":8,"column":68}},"type":"if","locations":[{"start":{"line":7,"column":0},"end":{"line":8,"column":68}},{"start":{"line":7,"column":0},"end":{"line":8,"column":68}}],"line":7}},"s":{"0":6,"1":6,"2":6,"3":6,"4":6,"5":6,"6":0,"7":0,"8":0,"9":6,"10":0,"11":0,"12":0,"13":6,"14":0,"15":0,"16":6,"17":0,"18":0,"19":0},"f":{"0":0,"1":0,"2":0,"3":0,"4":0,"5":0,"6":0,"7":0,"8":0,"9":0,"10":0},"b":{"0":[6,0]},"_coverageSchema":"332fd63041d2c1bcb487cc26dd0d5f7d97098a6c","hash":"a75a799799f2f87ca647b6067a9cae7cb453363a"}
,"C:\\Users\\jvigar\\Documents\\Projects\\reactnd-project-myreads\\src\\constants.js": {"path":"C:\\Users\\jvigar\\Documents\\Projects\\reactnd-project-myreads\\src\\constants.js","statementMap":{"0":{"start":{"line":2,"column":23},"end":{"line":6,"column":1}}},"fnMap":{},"branchMap":{},"s":{"0":6},"f":{},"b":{},"_coverageSchema":"332fd63041d2c1bcb487cc26dd0d5f7d97098a6c","hash":"9a4a0591b26eb80bce188e9a2cb9afd42a450eb7"}
,"C:\\Users\\jvigar\\Documents\\Projects\\reactnd-project-myreads\\src\\index.js": {"path":"C:\\Users\\jvigar\\Documents\\Projects\\reactnd-project-myreads\\src\\index.js","statementMap":{"0":{"start":{"line":1,"column":32},"end":{"line":1,"column":112}},"1":{"start":{"line":1,"column":126},"end":{"line":1,"column":142}},"2":{"start":{"line":1,"column":157},"end":{"line":1,"column":187}},"3":{"start":{"line":2,"column":16},"end":{"line":2,"column":36}},"4":{"start":{"line":2,"column":54},"end":{"line":2,"column":87}},"5":{"start":{"line":3,"column":22},"end":{"line":3,"column":49}},"6":{"start":{"line":4,"column":11},"end":{"line":4,"column":27}},"7":{"start":{"line":4,"column":40},"end":{"line":4,"column":68}},"8":{"start":{"line":5,"column":0},"end":{"line":5,"column":23}},"9":{"start":{"line":5,"column":61},"end":{"line":5,"column":115}},"10":{"start":{"line":7,"column":0},"end":{"line":9,"column":33}}},"fnMap":{"0":{"name":"_interopRequireDefault","decl":{"start":{"line":5,"column":32},"end":{"line":5,"column":54}},"loc":{"start":{"line":5,"column":60},"end":{"line":5,"column":116}},"line":5}},"branchMap":{"0":{"loc":{"start":{"line":5,"column":68},"end":{"line":5,"column":114}},"type":"cond-expr","locations":[{"start":{"line":5,"column":92},"end":{"line":5,"column":95}},{"start":{"line":5,"column":98},"end":{"line":5,"column":114}}],"line":5},"1":{"loc":{"start":{"line":5,"column":68},"end":{"line":5,"column":89}},"type":"binary-expr","locations":[{"start":{"line":5,"column":68},"end":{"line":5,"column":71}},{"start":{"line":5,"column":75},"end":{"line":5,"column":89}}],"line":5}},"s":{"0":0,"1":0,"2":0,"3":0,"4":0,"5":0,"6":0,"7":0,"8":0,"9":0,"10":0},"f":{"0":0},"b":{"0":[0,0],"1":[0,0]}}
,"C:\\Users\\jvigar\\Documents\\Projects\\reactnd-project-myreads\\src\\setupTests.js": {"path":"C:\\Users\\jvigar\\Documents\\Projects\\reactnd-project-myreads\\src\\setupTests.js","statementMap":{"0":{"start":{"line":1,"column":25},"end":{"line":5,"column":1}},"1":{"start":{"line":7,"column":0},"end":{"line":7,"column":39}}},"fnMap":{},"branchMap":{},"s":{"0":7,"1":7},"f":{},"b":{},"_coverageSchema":"332fd63041d2c1bcb487cc26dd0d5f7d97098a6c","hash":"78c5474dfe69e17f8a84e0fcb1194b5d8f154056"}
,"C:\\Users\\jvigar\\Documents\\Projects\\reactnd-project-myreads\\src\\utils.js": {"path":"C:\\Users\\jvigar\\Documents\\Projects\\reactnd-project-myreads\\src\\utils.js","statementMap":{"0":{"start":{"line":3,"column":2},"end":{"line":7,"column":15}},"1":{"start":{"line":6,"column":14},"end":{"line":6,"column":40}}},"fnMap":{"0":{"name":"camelCase","decl":{"start":{"line":2,"column":16},"end":{"line":2,"column":25}},"loc":{"start":{"line":2,"column":31},"end":{"line":8,"column":1}},"line":2},"1":{"name":"(anonymous_1)","decl":{"start":{"line":5,"column":32},"end":{"line":5,"column":33}},"loc":{"start":{"line":5,"column":53},"end":{"line":7,"column":13}},"line":5}},"branchMap":{},"s":{"0":3,"1":3},"f":{"0":3,"1":3},"b":{},"_coverageSchema":"332fd63041d2c1bcb487cc26dd0d5f7d97098a6c","hash":"b3ecc40e74c55d3c05fb717838b3d5a036b78060"}
,"C:\\Users\\jvigar\\Documents\\Projects\\reactnd-project-myreads\\src\\components\\Book\\Book.js": {"path":"C:\\Users\\jvigar\\Documents\\Projects\\reactnd-project-myreads\\src\\components\\Book\\Book.js","statementMap":{"0":{"start":{"line":14,"column":4},"end":{"line":22,"column":5}},"1":{"start":{"line":15,"column":6},"end":{"line":15,"column":54}},"2":{"start":{"line":17,"column":6},"end":{"line":21,"column":10}},"3":{"start":{"line":20,"column":10},"end":{"line":20,"column":46}},"4":{"start":{"line":26,"column":4},"end":{"line":30,"column":7}},"5":{"start":{"line":27,"column":6},"end":{"line":27,"column":46}},"6":{"start":{"line":28,"column":6},"end":{"line":29,"column":47}},"7":{"start":{"line":34,"column":28},"end":{"line":39,"column":5}},"8":{"start":{"line":41,"column":4},"end":{"line":60,"column":6}},"9":{"start":{"line":56,"column":61},"end":{"line":56,"column":77}},"10":{"start":{"line":64,"column":0},"end":{"line":73,"column":2}}},"fnMap":{"0":{"name":"(anonymous_0)","decl":{"start":{"line":13,"column":2},"end":{"line":13,"column":3}},"loc":{"start":{"line":13,"column":23},"end":{"line":23,"column":3}},"line":13},"1":{"name":"(anonymous_1)","decl":{"start":{"line":19,"column":14},"end":{"line":19,"column":15}},"loc":{"start":{"line":20,"column":10},"end":{"line":20,"column":46}},"line":20},"2":{"name":"(anonymous_2)","decl":{"start":{"line":25,"column":19},"end":{"line":25,"column":20}},"loc":{"start":{"line":25,"column":38},"end":{"line":31,"column":3}},"line":25},"3":{"name":"(anonymous_3)","decl":{"start":{"line":26,"column":57},"end":{"line":26,"column":58}},"loc":{"start":{"line":26,"column":67},"end":{"line":30,"column":5}},"line":26},"4":{"name":"(anonymous_4)","decl":{"start":{"line":33,"column":2},"end":{"line":33,"column":3}},"loc":{"start":{"line":33,"column":10},"end":{"line":61,"column":3}},"line":33},"5":{"name":"(anonymous_5)","decl":{"start":{"line":56,"column":47},"end":{"line":56,"column":48}},"loc":{"start":{"line":56,"column":61},"end":{"line":56,"column":77}},"line":56}},"branchMap":{"0":{"loc":{"start":{"line":14,"column":4},"end":{"line":22,"column":5}},"type":"if","locations":[{"start":{"line":14,"column":4},"end":{"line":22,"column":5}},{"start":{"line":14,"column":4},"end":{"line":22,"column":5}}],"line":14},"1":{"loc":{"start":{"line":28,"column":6},"end":{"line":29,"column":46}},"type":"binary-expr","locations":[{"start":{"line":28,"column":6},"end":{"line":28,"column":39}},{"start":{"line":29,"column":11},"end":{"line":29,"column":46}}],"line":28},"2":{"loc":{"start":{"line":37,"column":30},"end":{"line":38,"column":69}},"type":"binary-expr","locations":[{"start":{"line":37,"column":30},"end":{"line":37,"column":56}},{"start":{"line":38,"column":33},"end":{"line":38,"column":69}}],"line":37},"3":{"loc":{"start":{"line":53,"column":38},"end":{"line":53,"column":78}},"type":"binary-expr","locations":[{"start":{"line":53,"column":38},"end":{"line":53,"column":59}},{"start":{"line":53,"column":63},"end":{"line":53,"column":78}}],"line":53},"4":{"loc":{"start":{"line":55,"column":12},"end":{"line":57,"column":32}},"type":"cond-expr","locations":[{"start":{"line":56,"column":16},"end":{"line":56,"column":78}},{"start":{"line":57,"column":16},"end":{"line":57,"column":32}}],"line":55},"5":{"loc":{"start":{"line":55,"column":12},"end":{"line":55,"column":73}},"type":"binary-expr","locations":[{"start":{"line":55,"column":12},"end":{"line":55,"column":35}},{"start":{"line":55,"column":39},"end":{"line":55,"column":73}}],"line":55}},"s":{"0":1,"1":1,"2":0,"3":0,"4":0,"5":0,"6":0,"7":1,"8":1,"9":1,"10":6},"f":{"0":1,"1":0,"2":0,"3":0,"4":1,"5":1},"b":{"0":[1,0],"1":[0,0],"2":[1,1],"3":[1,0],"4":[1,0],"5":[1,1]},"_coverageSchema":"332fd63041d2c1bcb487cc26dd0d5f7d97098a6c","hash":"d6724699c9c80bc107df5c94227251a101d7febd"}
,"C:\\Users\\jvigar\\Documents\\Projects\\reactnd-project-myreads\\src\\components\\Book\\BookShelfChanger.js": {"path":"C:\\Users\\jvigar\\Documents\\Projects\\reactnd-project-myreads\\src\\components\\Book\\BookShelfChanger.js","statementMap":{"0":{"start":{"line":6,"column":25},"end":{"line":23,"column":1}},"1":{"start":{"line":7,"column":2},"end":{"line":22,"column":8}},"2":{"start":{"line":10,"column":22},"end":{"line":10,"column":58}},"3":{"start":{"line":15,"column":10},"end":{"line":17,"column":19}},"4":{"start":{"line":25,"column":0},"end":{"line":28,"column":2}}},"fnMap":{"0":{"name":"(anonymous_0)","decl":{"start":{"line":6,"column":25},"end":{"line":6,"column":26}},"loc":{"start":{"line":7,"column":2},"end":{"line":22,"column":8}},"line":7},"1":{"name":"(anonymous_1)","decl":{"start":{"line":10,"column":17},"end":{"line":10,"column":18}},"loc":{"start":{"line":10,"column":22},"end":{"line":10,"column":58}},"line":10},"2":{"name":"(anonymous_2)","decl":{"start":{"line":14,"column":30},"end":{"line":14,"column":31}},"loc":{"start":{"line":15,"column":10},"end":{"line":17,"column":19}},"line":15}},"branchMap":{"0":{"loc":{"start":{"line":9,"column":14},"end":{"line":9,"column":43}},"type":"binary-expr","locations":[{"start":{"line":9,"column":14},"end":{"line":9,"column":33}},{"start":{"line":9,"column":37},"end":{"line":9,"column":43}}],"line":9}},"s":{"0":6,"1":1,"2":0,"3":3,"4":6},"f":{"0":1,"1":0,"2":3},"b":{"0":[1,0]},"_coverageSchema":"332fd63041d2c1bcb487cc26dd0d5f7d97098a6c","hash":"87d7a234bae2fe5e2711cf65980bb6d5cc20f13c"}
,"C:\\Users\\jvigar\\Documents\\Projects\\reactnd-project-myreads\\src\\components\\BookShelf\\BookShelf.js": {"path":"C:\\Users\\jvigar\\Documents\\Projects\\reactnd-project-myreads\\src\\components\\BookShelf\\BookShelf.js","statementMap":{"0":{"start":{"line":5,"column":18},"end":{"line":22,"column":1}},"1":{"start":{"line":6,"column":33},"end":{"line":9,"column":3}},"2":{"start":{"line":7,"column":4},"end":{"line":8,"column":40}},"3":{"start":{"line":11,"column":2},"end":{"line":21,"column":4}},"4":{"start":{"line":24,"column":0},"end":{"line":27,"column":1}}},"fnMap":{"0":{"name":"(anonymous_0)","decl":{"start":{"line":5,"column":18},"end":{"line":5,"column":19}},"loc":{"start":{"line":5,"column":27},"end":{"line":22,"column":1}},"line":5},"1":{"name":"(anonymous_1)","decl":{"start":{"line":6,"column":33},"end":{"line":6,"column":34}},"loc":{"start":{"line":6,"column":39},"end":{"line":9,"column":3}},"line":6}},"branchMap":{"0":{"loc":{"start":{"line":7,"column":4},"end":{"line":8,"column":39}},"type":"binary-expr","locations":[{"start":{"line":7,"column":4},"end":{"line":7,"column":32}},{"start":{"line":8,"column":9},"end":{"line":8,"column":39}}],"line":7}},"s":{"0":3,"1":1,"2":0,"3":1,"4":3},"f":{"0":1,"1":0},"b":{"0":[0,0]},"_coverageSchema":"332fd63041d2c1bcb487cc26dd0d5f7d97098a6c","hash":"c2472337f7edd3c1a49ec596d154ed308f98f6c5"}
,"C:\\Users\\jvigar\\Documents\\Projects\\reactnd-project-myreads\\src\\components\\BooksGrid\\BooksGrid.js": {"path":"C:\\Users\\jvigar\\Documents\\Projects\\reactnd-project-myreads\\src\\components\\BooksGrid\\BooksGrid.js","statementMap":{"0":{"start":{"line":6,"column":18},"end":{"line":26,"column":1}},"1":{"start":{"line":7,"column":33},"end":{"line":10,"column":3}},"2":{"start":{"line":8,"column":4},"end":{"line":9,"column":40}},"3":{"start":{"line":12,"column":2},"end":{"line":25,"column":3}},"4":{"start":{"line":16,"column":10},"end":{"line":21,"column":15}},"5":{"start":{"line":28,"column":0},"end":{"line":30,"column":2}},"6":{"start":{"line":32,"column":0},"end":{"line":34,"column":2}}},"fnMap":{"0":{"name":"(anonymous_0)","decl":{"start":{"line":6,"column":18},"end":{"line":6,"column":19}},"loc":{"start":{"line":6,"column":27},"end":{"line":26,"column":1}},"line":6},"1":{"name":"(anonymous_1)","decl":{"start":{"line":7,"column":33},"end":{"line":7,"column":34}},"loc":{"start":{"line":7,"column":39},"end":{"line":10,"column":3}},"line":7},"2":{"name":"(anonymous_2)","decl":{"start":{"line":15,"column":25},"end":{"line":15,"column":26}},"loc":{"start":{"line":16,"column":10},"end":{"line":21,"column":15}},"line":16}},"branchMap":{"0":{"loc":{"start":{"line":8,"column":4},"end":{"line":9,"column":39}},"type":"binary-expr","locations":[{"start":{"line":8,"column":4},"end":{"line":8,"column":32}},{"start":{"line":9,"column":9},"end":{"line":9,"column":39}}],"line":8}},"s":{"0":5,"1":1,"2":0,"3":1,"4":1,"5":5,"6":5},"f":{"0":1,"1":0,"2":1},"b":{"0":[0,0]},"_coverageSchema":"332fd63041d2c1bcb487cc26dd0d5f7d97098a6c","hash":"7e13f95813b4fa8a31a6dde0f015e9bc825ae813"}
,"C:\\Users\\jvigar\\Documents\\Projects\\reactnd-project-myreads\\src\\components\\ListBooks\\ListBooks.js": {"path":"C:\\Users\\jvigar\\Documents\\Projects\\reactnd-project-myreads\\src\\components\\ListBooks\\ListBooks.js","statementMap":{"0":{"start":{"line":15,"column":4},"end":{"line":15,"column":34}},"1":{"start":{"line":19,"column":4},"end":{"line":21,"column":7}},"2":{"start":{"line":20,"column":6},"end":{"line":20,"column":31}},"3":{"start":{"line":25,"column":4},"end":{"line":47,"column":8}},"4":{"start":{"line":33,"column":16},"end":{"line":39,"column":18}},"5":{"start":{"line":36,"column":29},"end":{"line":36,"column":60}}},"fnMap":{"0":{"name":"(anonymous_0)","decl":{"start":{"line":14,"column":2},"end":{"line":14,"column":3}},"loc":{"start":{"line":14,"column":22},"end":{"line":16,"column":3}},"line":14},"1":{"name":"(anonymous_1)","decl":{"start":{"line":18,"column":27},"end":{"line":18,"column":28}},"loc":{"start":{"line":18,"column":33},"end":{"line":22,"column":3}},"line":18},"2":{"name":"(anonymous_2)","decl":{"start":{"line":19,"column":27},"end":{"line":19,"column":28}},"loc":{"start":{"line":19,"column":38},"end":{"line":21,"column":5}},"line":19},"3":{"name":"(anonymous_3)","decl":{"start":{"line":24,"column":2},"end":{"line":24,"column":3}},"loc":{"start":{"line":24,"column":11},"end":{"line":48,"column":3}},"line":24},"4":{"name":"(anonymous_4)","decl":{"start":{"line":32,"column":39},"end":{"line":32,"column":40}},"loc":{"start":{"line":33,"column":16},"end":{"line":39,"column":18}},"line":33},"5":{"name":"(anonymous_5)","decl":{"start":{"line":35,"column":59},"end":{"line":35,"column":60}},"loc":{"start":{"line":36,"column":29},"end":{"line":36,"column":60}},"line":36}},"branchMap":{},"s":{"0":0,"1":0,"2":0,"3":1,"4":3,"5":0},"f":{"0":0,"1":0,"2":0,"3":1,"4":3,"5":0},"b":{},"_coverageSchema":"332fd63041d2c1bcb487cc26dd0d5f7d97098a6c","hash":"78122f65a37bfbd04186cf71cff1b540a0e7cdea"}
,"C:\\Users\\jvigar\\Documents\\Projects\\reactnd-project-myreads\\src\\components\\Rating\\Rating.js": {"path":"C:\\Users\\jvigar\\Documents\\Projects\\reactnd-project-myreads\\src\\components\\Rating\\Rating.js","statementMap":{"0":{"start":{"line":6,"column":15},"end":{"line":32,"column":1}},"1":{"start":{"line":7,"column":24},"end":{"line":9,"column":5}},"2":{"start":{"line":11,"column":21},"end":{"line":11,"column":80}},"3":{"start":{"line":12,"column":21},"end":{"line":12,"column":86}},"4":{"start":{"line":13,"column":22},"end":{"line":13,"column":83}},"5":{"start":{"line":15,"column":31},"end":{"line":15,"column":71}},"6":{"start":{"line":17,"column":4},"end":{"line":31,"column":6}},"7":{"start":{"line":22,"column":17},"end":{"line":26,"column":62}},"8":{"start":{"line":34,"column":0},"end":{"line":36,"column":1}},"9":{"start":{"line":38,"column":0},"end":{"line":40,"column":1}}},"fnMap":{"0":{"name":"(anonymous_0)","decl":{"start":{"line":6,"column":15},"end":{"line":6,"column":16}},"loc":{"start":{"line":6,"column":24},"end":{"line":32,"column":1}},"line":6},"1":{"name":"(anonymous_1)","decl":{"start":{"line":21,"column":20},"end":{"line":21,"column":21}},"loc":{"start":{"line":21,"column":44},"end":{"line":27,"column":16}},"line":21}},"branchMap":{"0":{"loc":{"start":{"line":22,"column":24},"end":{"line":26,"column":62}},"type":"cond-expr","locations":[{"start":{"line":23,"column":22},"end":{"line":23,"column":61}},{"start":{"line":24,"column":22},"end":{"line":26,"column":62}}],"line":22},"1":{"loc":{"start":{"line":24,"column":22},"end":{"line":26,"column":62}},"type":"cond-expr","locations":[{"start":{"line":25,"column":22},"end":{"line":25,"column":61}},{"start":{"line":26,"column":22},"end":{"line":26,"column":62}}],"line":24},"2":{"loc":{"start":{"line":24,"column":22},"end":{"line":24,"column":85}},"type":"binary-expr","locations":[{"start":{"line":24,"column":22},"end":{"line":24,"column":40}},{"start":{"line":24,"column":45},"end":{"line":24,"column":84}}],"line":24}},"s":{"0":7,"1":1,"2":1,"3":1,"4":1,"5":1,"6":1,"7":5,"8":7,"9":7},"f":{"0":1,"1":5},"b":{"0":[0,5],"1":[0,5],"2":[5,0]},"_coverageSchema":"332fd63041d2c1bcb487cc26dd0d5f7d97098a6c","hash":"e84d2d7bc8666f5149f51dddf139fbfc65db168c"}
,"C:\\Users\\jvigar\\Documents\\Projects\\reactnd-project-myreads\\src\\components\\SearchBooks\\SearchBooks.js": {"path":"C:\\Users\\jvigar\\Documents\\Projects\\reactnd-project-myreads\\src\\components\\SearchBooks\\SearchBooks.js","statementMap":{"0":{"start":{"line":14,"column":4},"end":{"line":19,"column":7}},"1":{"start":{"line":15,"column":6},"end":{"line":18,"column":7}},"2":{"start":{"line":16,"column":26},"end":{"line":16,"column":55}},"3":{"start":{"line":17,"column":8},"end":{"line":17,"column":46}},"4":{"start":{"line":23,"column":4},"end":{"line":23,"column":33}},"5":{"start":{"line":27,"column":4},"end":{"line":44,"column":6}},"6":{"start":{"line":49,"column":18},"end":{"line":49,"column":55}},"7":{"start":{"line":49,"column":39},"end":{"line":49,"column":54}},"8":{"start":{"line":51,"column":13},"end":{"line":53,"column":4}},"9":{"start":{"line":52,"column":4},"end":{"line":52,"column":54}},"10":{"start":{"line":55,"column":2},"end":{"line":55,"column":14}}},"fnMap":{"0":{"name":"(anonymous_0)","decl":{"start":{"line":13,"column":17},"end":{"line":13,"column":18}},"loc":{"start":{"line":13,"column":28},"end":{"line":20,"column":3}},"line":13},"1":{"name":"(anonymous_1)","decl":{"start":{"line":14,"column":32},"end":{"line":14,"column":33}},"loc":{"start":{"line":14,"column":41},"end":{"line":19,"column":5}},"line":14},"2":{"name":"(anonymous_2)","decl":{"start":{"line":22,"column":15},"end":{"line":22,"column":16}},"loc":{"start":{"line":22,"column":21},"end":{"line":24,"column":3}},"line":22},"3":{"name":"(anonymous_3)","decl":{"start":{"line":26,"column":2},"end":{"line":26,"column":3}},"loc":{"start":{"line":26,"column":11},"end":{"line":45,"column":3}},"line":26},"4":{"name":"removeDuplicates","decl":{"start":{"line":48,"column":9},"end":{"line":48,"column":25}},"loc":{"start":{"line":48,"column":37},"end":{"line":56,"column":1}},"line":48},"5":{"name":"(anonymous_5)","decl":{"start":{"line":49,"column":26},"end":{"line":49,"column":27}},"loc":{"start":{"line":49,"column":39},"end":{"line":49,"column":54}},"line":49},"6":{"name":"(anonymous_6)","decl":{"start":{"line":51,"column":24},"end":{"line":51,"column":25}},"loc":{"start":{"line":51,"column":51},"end":{"line":53,"column":3}},"line":51}},"branchMap":{"0":{"loc":{"start":{"line":15,"column":6},"end":{"line":18,"column":7}},"type":"if","locations":[{"start":{"line":15,"column":6},"end":{"line":18,"column":7}},{"start":{"line":15,"column":6},"end":{"line":18,"column":7}}],"line":15},"1":{"loc":{"start":{"line":39,"column":12},"end":{"line":40,"column":52}},"type":"binary-expr","locations":[{"start":{"line":39,"column":12},"end":{"line":39,"column":39}},{"start":{"line":40,"column":12},"end":{"line":40,"column":52}}],"line":39}},"s":{"0":0,"1":0,"2":0,"3":0,"4":0,"5":1,"6":0,"7":0,"8":0,"9":0,"10":0},"f":{"0":0,"1":0,"2":0,"3":1,"4":0,"5":0,"6":0},"b":{"0":[0,0],"1":[1,0]},"_coverageSchema":"332fd63041d2c1bcb487cc26dd0d5f7d97098a6c","hash":"c5b94c375fcd4a8aad6117d3308aaabf005c4e6b"}
,"C:\\Users\\jvigar\\Documents\\Projects\\reactnd-project-myreads\\src\\components\\SearchBooks\\SearchBox.js": {"path":"C:\\Users\\jvigar\\Documents\\Projects\\reactnd-project-myreads\\src\\components\\SearchBooks\\SearchBox.js","statementMap":{"0":{"start":{"line":10,"column":4},"end":{"line":12,"column":12}},"1":{"start":{"line":11,"column":6},"end":{"line":11,"column":48}},"2":{"start":{"line":16,"column":4},"end":{"line":16,"column":29}},"3":{"start":{"line":20,"column":21},"end":{"line":20,"column":35}},"4":{"start":{"line":21,"column":4},"end":{"line":21,"column":31}},"5":{"start":{"line":22,"column":4},"end":{"line":22,"column":33}},"6":{"start":{"line":24,"column":4},"end":{"line":28,"column":5}},"7":{"start":{"line":25,"column":6},"end":{"line":25,"column":35}},"8":{"start":{"line":27,"column":6},"end":{"line":27,"column":42}},"9":{"start":{"line":32,"column":4},"end":{"line":38,"column":6}},"10":{"start":{"line":42,"column":0},"end":{"line":45,"column":1}},"11":{"start":{"line":50,"column":4},"end":{"line":50,"column":26}},"12":{"start":{"line":51,"column":4},"end":{"line":51,"column":68}},"13":{"start":{"line":51,"column":31},"end":{"line":51,"column":60}},"14":{"start":{"line":54,"column":2},"end":{"line":58,"column":4}},"15":{"start":{"line":55,"column":4},"end":{"line":57,"column":5}},"16":{"start":{"line":56,"column":6},"end":{"line":56,"column":28}},"17":{"start":{"line":60,"column":2},"end":{"line":60,"column":19}}},"fnMap":{"0":{"name":"(anonymous_0)","decl":{"start":{"line":9,"column":2},"end":{"line":9,"column":3}},"loc":{"start":{"line":9,"column":23},"end":{"line":13,"column":3}},"line":9},"1":{"name":"(anonymous_1)","decl":{"start":{"line":10,"column":42},"end":{"line":10,"column":43}},"loc":{"start":{"line":10,"column":48},"end":{"line":12,"column":5}},"line":10},"2":{"name":"(anonymous_2)","decl":{"start":{"line":15,"column":16},"end":{"line":15,"column":17}},"loc":{"start":{"line":15,"column":27},"end":{"line":17,"column":3}},"line":15},"3":{"name":"(anonymous_3)","decl":{"start":{"line":19,"column":19},"end":{"line":19,"column":20}},"loc":{"start":{"line":19,"column":26},"end":{"line":29,"column":3}},"line":19},"4":{"name":"(anonymous_4)","decl":{"start":{"line":31,"column":2},"end":{"line":31,"column":3}},"loc":{"start":{"line":31,"column":11},"end":{"line":39,"column":3}},"line":31},"5":{"name":"debounce","decl":{"start":{"line":47,"column":9},"end":{"line":47,"column":17}},"loc":{"start":{"line":47,"column":50},"end":{"line":61,"column":1}},"line":47},"6":{"name":"debounced","decl":{"start":{"line":49,"column":11},"end":{"line":49,"column":20}},"loc":{"start":{"line":49,"column":30},"end":{"line":52,"column":3}},"line":49},"7":{"name":"(anonymous_7)","decl":{"start":{"line":51,"column":25},"end":{"line":51,"column":26}},"loc":{"start":{"line":51,"column":31},"end":{"line":51,"column":60}},"line":51},"8":{"name":"(anonymous_8)","decl":{"start":{"line":54,"column":21},"end":{"line":54,"column":22}},"loc":{"start":{"line":54,"column":27},"end":{"line":58,"column":3}},"line":54}},"branchMap":{"0":{"loc":{"start":{"line":24,"column":4},"end":{"line":28,"column":5}},"type":"if","locations":[{"start":{"line":24,"column":4},"end":{"line":28,"column":5}},{"start":{"line":24,"column":4},"end":{"line":28,"column":5}}],"line":24},"1":{"loc":{"start":{"line":47,"column":34},"end":{"line":47,"column":48}},"type":"default-arg","locations":[{"start":{"line":47,"column":44},"end":{"line":47,"column":48}}],"line":47},"2":{"loc":{"start":{"line":55,"column":4},"end":{"line":57,"column":5}},"type":"if","locations":[{"start":{"line":55,"column":4},"end":{"line":57,"column":5}},{"start":{"line":55,"column":4},"end":{"line":57,"column":5}}],"line":55}},"s":{"0":1,"1":0,"2":0,"3":0,"4":0,"5":0,"6":0,"7":0,"8":0,"9":1,"10":2,"11":0,"12":0,"13":0,"14":1,"15":0,"16":0,"17":1},"f":{"0":1,"1":0,"2":0,"3":0,"4":1,"5":1,"6":0,"7":0,"8":0},"b":{"0":[0,0],"1":[1],"2":[0,0]},"_coverageSchema":"332fd63041d2c1bcb487cc26dd0d5f7d97098a6c","hash":"fe92a22b17af76462074aa3f37d495b5d5b72b9d"}
}
