TN:
SF:C:\Users\jvigar\Documents\Projects\reactnd-project-myreads\src\App.js
FN:7,(anonymous_0)
FN:9,(anonymous_1)
FN:12,(anonymous_2)
FNF:3
FNH:1
FNDA:1,(anonymous_0)
FNDA:0,(anonymous_1)
FNDA:0,(anonymous_2)
DA:7,1
DA:8,1
DA:10,0
DA:13,0
LF:4
LH:2
BRF:0
BRH:0
end_of_record
TN:
SF:C:\Users\jvigar\Documents\Projects\reactnd-project-myreads\src\BooksAPI.js
FN:15,(anonymous_0)
FN:17,(anonymous_1)
FN:18,(anonymous_2)
FN:20,(anonymous_3)
FN:22,(anonymous_4)
FN:23,(anonymous_5)
FN:25,(anonymous_6)
FN:33,(anonymous_7)
FN:35,(anonymous_8)
FN:43,(anonymous_9)
FN:44,(anonymous_10)
FNF:11
FNH:0
FNDA:0,(anonymous_0)
FNDA:0,(anonymous_1)
FNDA:0,(anonymous_2)
FNDA:0,(anonymous_3)
FNDA:0,(anonymous_4)
FNDA:0,(anonymous_5)
FNDA:0,(anonymous_6)
FNDA:0,(anonymous_7)
FNDA:0,(anonymous_8)
FNDA:0,(anonymous_9)
FNDA:0,(anonymous_10)
DA:2,6
DA:6,6
DA:7,6
DA:8,6
DA:10,6
DA:15,6
DA:16,0
DA:17,0
DA:18,0
DA:20,6
DA:21,0
DA:22,0
DA:23,0
DA:25,6
DA:26,0
DA:33,0
DA:35,6
DA:36,0
DA:43,0
DA:44,0
LF:20
LH:9
BRDA:7,0,0,6
BRDA:7,0,1,0
BRF:2
BRH:1
end_of_record
TN:
SF:C:\Users\jvigar\Documents\Projects\reactnd-project-myreads\src\constants.js
FNF:0
FNH:0
DA:2,6
LF:1
LH:1
BRF:0
BRH:0
end_of_record
TN:
SF:C:\Users\jvigar\Documents\Projects\reactnd-project-myreads\src\index.js
FN:5,_interopRequireDefault
FNF:1
FNH:0
FNDA:0,_interopRequireDefault
DA:1,0
DA:2,0
DA:3,0
DA:4,0
DA:5,0
DA:7,0
LF:6
LH:0
BRDA:5,0,0,0
BRDA:5,0,1,0
BRDA:5,1,0,0
BRDA:5,1,1,0
BRF:4
BRH:0
end_of_record
TN:
SF:C:\Users\jvigar\Documents\Projects\reactnd-project-myreads\src\setupTests.js
FNF:0
FNH:0
DA:1,7
DA:7,7
LF:2
LH:2
BRF:0
BRH:0
end_of_record
TN:
SF:C:\Users\jvigar\Documents\Projects\reactnd-project-myreads\src\utils.js
FN:2,camelCase
FN:5,(anonymous_1)
FNF:2
FNH:2
FNDA:3,camelCase
FNDA:3,(anonymous_1)
DA:3,3
DA:6,3
LF:2
LH:2
BRF:0
BRH:0
end_of_record
TN:
SF:C:\Users\jvigar\Documents\Projects\reactnd-project-myreads\src\components\Book\Book.js
FN:13,(anonymous_0)
FN:19,(anonymous_1)
FN:25,(anonymous_2)
FN:26,(anonymous_3)
FN:33,(anonymous_4)
FN:56,(anonymous_5)
FNF:6
FNH:3
FNDA:1,(anonymous_0)
FNDA:0,(anonymous_1)
FNDA:0,(anonymous_2)
FNDA:0,(anonymous_3)
FNDA:1,(anonymous_4)
FNDA:1,(anonymous_5)
DA:14,1
DA:15,1
DA:17,0
DA:20,0
DA:26,0
DA:27,0
DA:28,0
DA:34,1
DA:41,1
DA:56,1
DA:64,6
LF:11
LH:6
BRDA:14,0,0,1
BRDA:14,0,1,0
BRDA:28,1,0,0
BRDA:28,1,1,0
BRDA:37,2,0,1
BRDA:37,2,1,1
BRDA:53,3,0,1
BRDA:53,3,1,0
BRDA:55,4,0,1
BRDA:55,4,1,0
BRDA:55,5,0,1
BRDA:55,5,1,1
BRF:12
BRH:7
end_of_record
TN:
SF:C:\Users\jvigar\Documents\Projects\reactnd-project-myreads\src\components\Book\BookShelfChanger.js
FN:6,(anonymous_0)
FN:10,(anonymous_1)
FN:14,(anonymous_2)
FNF:3
FNH:2
FNDA:1,(anonymous_0)
FNDA:0,(anonymous_1)
FNDA:3,(anonymous_2)
DA:6,6
DA:7,1
DA:10,0
DA:15,3
DA:25,6
LF:5
LH:4
BRDA:9,0,0,1
BRDA:9,0,1,0
BRF:2
BRH:1
end_of_record
TN:
SF:C:\Users\jvigar\Documents\Projects\reactnd-project-myreads\src\components\BookShelf\BookShelf.js
FN:5,(anonymous_0)
FN:6,(anonymous_1)
FNF:2
FNH:1
FNDA:1,(anonymous_0)
FNDA:0,(anonymous_1)
DA:5,3
DA:6,1
DA:7,0
DA:11,1
DA:24,3
LF:5
LH:4
BRDA:7,0,0,0
BRDA:7,0,1,0
BRF:2
BRH:0
end_of_record
TN:
SF:C:\Users\jvigar\Documents\Projects\reactnd-project-myreads\src\components\BooksGrid\BooksGrid.js
FN:6,(anonymous_0)
FN:7,(anonymous_1)
FN:15,(anonymous_2)
FNF:3
FNH:2
FNDA:1,(anonymous_0)
FNDA:0,(anonymous_1)
FNDA:1,(anonymous_2)
DA:6,5
DA:7,1
DA:8,0
DA:12,1
DA:16,1
DA:28,5
DA:32,5
LF:7
LH:6
BRDA:8,0,0,0
BRDA:8,0,1,0
BRF:2
BRH:0
end_of_record
TN:
SF:C:\Users\jvigar\Documents\Projects\reactnd-project-myreads\src\components\ListBooks\ListBooks.js
FN:14,(anonymous_0)
FN:18,(anonymous_1)
FN:19,(anonymous_2)
FN:24,(anonymous_3)
FN:32,(anonymous_4)
FN:35,(anonymous_5)
FNF:6
FNH:2
FNDA:0,(anonymous_0)
FNDA:0,(anonymous_1)
FNDA:0,(anonymous_2)
FNDA:1,(anonymous_3)
FNDA:3,(anonymous_4)
FNDA:0,(anonymous_5)
DA:15,0
DA:19,0
DA:20,0
DA:25,1
DA:33,3
DA:36,0
LF:6
LH:2
BRF:0
BRH:0
end_of_record
TN:
SF:C:\Users\jvigar\Documents\Projects\reactnd-project-myreads\src\components\Rating\Rating.js
FN:6,(anonymous_0)
FN:21,(anonymous_1)
FNF:2
FNH:2
FNDA:1,(anonymous_0)
FNDA:5,(anonymous_1)
DA:6,7
DA:7,1
DA:11,1
DA:12,1
DA:13,1
DA:15,1
DA:17,1
DA:22,5
DA:34,7
DA:38,7
LF:10
LH:10
BRDA:22,0,0,0
BRDA:22,0,1,5
BRDA:24,1,0,0
BRDA:24,1,1,5
BRDA:24,2,0,5
BRDA:24,2,1,0
BRF:6
BRH:3
end_of_record
TN:
SF:C:\Users\jvigar\Documents\Projects\reactnd-project-myreads\src\components\SearchBooks\SearchBooks.js
FN:13,(anonymous_0)
FN:14,(anonymous_1)
FN:22,(anonymous_2)
FN:26,(anonymous_3)
FN:48,removeDuplicates
FN:49,(anonymous_5)
FN:51,(anonymous_6)
FNF:7
FNH:1
FNDA:0,(anonymous_0)
FNDA:0,(anonymous_1)
FNDA:0,(anonymous_2)
FNDA:1,(anonymous_3)
FNDA:0,removeDuplicates
FNDA:0,(anonymous_5)
FNDA:0,(anonymous_6)
DA:14,0
DA:15,0
DA:16,0
DA:17,0
DA:23,0
DA:27,1
DA:49,0
DA:51,0
DA:52,0
DA:55,0
LF:10
LH:1
BRDA:15,0,0,0
BRDA:15,0,1,0
BRDA:39,1,0,1
BRDA:39,1,1,0
BRF:4
BRH:1
end_of_record
TN:
SF:C:\Users\jvigar\Documents\Projects\reactnd-project-myreads\src\components\SearchBooks\SearchBox.js
FN:9,(anonymous_0)
FN:10,(anonymous_1)
FN:15,(anonymous_2)
FN:19,(anonymous_3)
FN:31,(anonymous_4)
FN:47,debounce
FN:49,debounced
FN:51,(anonymous_7)
FN:54,(anonymous_8)
FNF:9
FNH:3
FNDA:1,(anonymous_0)
FNDA:0,(anonymous_1)
FNDA:0,(anonymous_2)
FNDA:0,(anonymous_3)
FNDA:1,(anonymous_4)
FNDA:1,debounce
FNDA:0,debounced
FNDA:0,(anonymous_7)
FNDA:0,(anonymous_8)
DA:10,1
DA:11,0
DA:16,0
DA:20,0
DA:21,0
DA:22,0
DA:24,0
DA:25,0
DA:27,0
DA:32,1
DA:42,2
DA:50,0
DA:51,0
DA:54,1
DA:55,0
DA:56,0
DA:60,1
LF:17
LH:5
BRDA:24,0,0,0
BRDA:24,0,1,0
BRDA:47,1,0,1
BRDA:55,2,0,0
BRDA:55,2,1,0
BRF:5
BRH:1
end_of_record
